<?xml version="1.0" encoding="UTF-8" ?>
<testsuite tests="10" failures="3" name="Cucumber.Options.TestRunner" time="7.56" errors="0" skipped="4">
  <properties>
    <property name="java.runtime.name" value="Java(TM) SE Runtime Environment"/>
    <property name="sun.boot.library.path" value="C:\Program Files\Java\jdk1.8.0_191\jre\bin"/>
    <property name="java.vm.version" value="25.191-b12"/>
    <property name="java.vm.vendor" value="Oracle Corporation"/>
    <property name="maven.multiModuleProjectDirectory" value="C:\Users\n480555\Documents\E2EAutomation"/>
    <property name="java.vendor.url" value="http://java.oracle.com/"/>
    <property name="path.separator" value=";"/>
    <property name="guice.disable.misplaced.annotation.check" value="true"/>
    <property name="java.vm.name" value="Java HotSpot(TM) 64-Bit Server VM"/>
    <property name="file.encoding.pkg" value="sun.io"/>
    <property name="user.script" value=""/>
    <property name="user.country" value="US"/>
    <property name="sun.java.launcher" value="SUN_STANDARD"/>
    <property name="sun.os.patch.level" value=""/>
    <property name="java.vm.specification.name" value="Java Virtual Machine Specification"/>
    <property name="user.dir" value="C:\Users\n480555\Documents\E2EAutomation"/>
    <property name="Cucumber.Options" value="--tags @DeleteAssociate"/>
    <property name="java.runtime.version" value="1.8.0_191-b12"/>
    <property name="java.awt.graphicsenv" value="sun.awt.Win32GraphicsEnvironment"/>
    <property name="java.endorsed.dirs" value="C:\Program Files\Java\jdk1.8.0_191\jre\lib\endorsed"/>
    <property name="os.arch" value="amd64"/>
    <property name="java.io.tmpdir" value="C:\Users\n480555\AppData\Local\Temp\"/>
    <property name="line.separator" value="
"/>
    <property name="java.vm.specification.vendor" value="Oracle Corporation"/>
    <property name="user.variant" value=""/>
    <property name="os.name" value="Windows 10"/>
    <property name="classworlds.conf" value="C:\Users\n480555\Desktop\apache-maven-3.8.4-bin\apache-maven-3.8.4\bin\m2.conf"/>
    <property name="sun.jnu.encoding" value="Cp1252"/>
    <property name="java.library.path" value="C:\Program Files\Java\jdk1.8.0_191\bin;C:\WINDOWS\Sun\Java\bin;C:\WINDOWS\system32;C:\WINDOWS;C:\Program Files (x86)\RSA SecurID Token Common;C:\Program Files (x86)\Common Files\Oracle\Java\javapath;C:\WINDOWS\system32;C:\WINDOWS;C:\WINDOWS\System32\Wbem;C:\WINDOWS\System32\WindowsPowerShell\v1.0\;C:\WINDOWS\System32\OpenSSH\;C:\Program Files (x86)\Pulse Secure\VC142.CRT\X64\;C:\Program Files (x86)\Pulse Secure\VC142.CRT\X86\;C:\Program Files\Java\jdk1.8.0_191\bin;C:\Users\n480555\AppData\Local\Microsoft\WindowsApps;C:\Users\n480555\Desktop\apache-maven-3.8.4-bin\apache-maven-3.8.4\bin;C:\Users\n480555\AppData\Local\Programs\Git\cmd;C:\Users\n480555\AppData\Local\Programs\Git\mingw64\bin;C:\Users\n480555\AppData\Local\Programs\Git\usr\bin;;."/>
    <property name="maven.conf" value="C:\Users\n480555\Desktop\apache-maven-3.8.4-bin\apache-maven-3.8.4/conf"/>
    <property name="java.specification.name" value="Java Platform API Specification"/>
    <property name="java.class.version" value="52.0"/>
    <property name="sun.management.compiler" value="HotSpot 64-Bit Tiered Compilers"/>
    <property name="os.version" value="10.0"/>
    <property name="library.jansi.path" value="C:\Users\n480555\Desktop\apache-maven-3.8.4-bin\apache-maven-3.8.4\lib\jansi-native"/>
    <property name="user.home" value="C:\Users\n480555"/>
    <property name="user.timezone" value="Europe/London"/>
    <property name="java.awt.printerjob" value="sun.awt.windows.WPrinterJob"/>
    <property name="java.specification.version" value="1.8"/>
    <property name="file.encoding" value="Cp1252"/>
    <property name="user.name" value="n480555"/>
    <property name="java.class.path" value="C:\Users\n480555\Desktop\apache-maven-3.8.4-bin\apache-maven-3.8.4\boot\plexus-classworlds-2.6.0.jar"/>
    <property name="java.vm.specification.version" value="1.8"/>
    <property name="sun.arch.data.model" value="64"/>
    <property name="java.home" value="C:\Program Files\Java\jdk1.8.0_191\jre"/>
    <property name="sun.java.command" value="org.codehaus.plexus.classworlds.launcher.Launcher test verify -DCucumber.Options=--tags @DeleteAssociate"/>
    <property name="java.specification.vendor" value="Oracle Corporation"/>
    <property name="user.language" value="en"/>
    <property name="awt.toolkit" value="sun.awt.windows.WToolkit"/>
    <property name="java.vm.info" value="mixed mode"/>
    <property name="java.version" value="1.8.0_191"/>
    <property name="java.ext.dirs" value="C:\Program Files\Java\jdk1.8.0_191\jre\lib\ext;C:\WINDOWS\Sun\Java\lib\ext"/>
    <property name="sun.boot.class.path" value="C:\Program Files\Java\jdk1.8.0_191\jre\lib\resources.jar;C:\Program Files\Java\jdk1.8.0_191\jre\lib\rt.jar;C:\Program Files\Java\jdk1.8.0_191\jre\lib\sunrsasign.jar;C:\Program Files\Java\jdk1.8.0_191\jre\lib\jsse.jar;C:\Program Files\Java\jdk1.8.0_191\jre\lib\jce.jar;C:\Program Files\Java\jdk1.8.0_191\jre\lib\charsets.jar;C:\Program Files\Java\jdk1.8.0_191\jre\lib\jfr.jar;C:\Program Files\Java\jdk1.8.0_191\jre\classes"/>
    <property name="java.vendor" value="Oracle Corporation"/>
    <property name="maven.home" value="C:\Users\n480555\Desktop\apache-maven-3.8.4-bin\apache-maven-3.8.4"/>
    <property name="file.separator" value="\"/>
    <property name="java.vendor.url.bug" value="http://bugreport.sun.com/bugreport/"/>
    <property name="sun.cpu.endian" value="little"/>
    <property name="sun.io.unicode.encoding" value="UnicodeLittle"/>
    <property name="sun.desktop" value="windows"/>
    <property name="sun.cpu.isalist" value="amd64"/>
  </properties>
  <testcase classname="Add associate" name="the add associate payload is given with &quot;GUARDIAN&quot; &quot;45172371&quot;" time="3.517"/>
  <testcase classname="Add associate" name="for &quot;AddAssociateAPI&quot; &quot;POST&quot; method is used" time="1.67"/>
  <testcase classname="Add associate" name="associate is added with status code 201" time="0.002"/>
  <testcase classname="Add associate" name="verify &quot;45172371&quot; using &quot;RetrieveAssociateAPI&quot;  and &quot;GET&quot; method" time="1.182">
    <failure message="expected:&lt;45172371&gt; but was:&lt;null&gt;" type="java.lang.AssertionError">java.lang.AssertionError: expected:&lt;45172371&gt; but was:&lt;null&gt;
	at org.junit.Assert.fail(Assert.java:88)
	at org.junit.Assert.failNotEquals(Assert.java:743)
	at org.junit.Assert.assertEquals(Assert.java:118)
	at org.junit.Assert.assertEquals(Assert.java:144)
	at StepDefinitions.StepDefinition.verify_using_and_method(StepDefinition.java:88)
	at ✽.verify &quot;45172371&quot; using &quot;RetrieveAssociateAPI&quot;  and &quot;GET&quot; method(file:///C:/Users/n480555/Documents/E2EAutomation/src/test/java/Features/Features.feature:8)
</failure>
    <system-out>  &amp;#27;[32mThen &amp;#27;[0m&amp;#27;[32massociate is added with status code &amp;#27;[0m&amp;#27;[32m&amp;#27;[1m201&amp;#27;[0m                         &amp;#27;[90m# StepDefinitions.StepDefinition.associate_is_added_with_status_code(java.lang.Integer)&amp;#27;[0m
</system-out>
  </testcase>
  <testcase classname="Add associate" name="Add associate" time="1.186">
    <failure message="expected:&lt;45172371&gt; but was:&lt;null&gt;" type="java.lang.AssertionError">java.lang.AssertionError: expected:&lt;45172371&gt; but was:&lt;null&gt;
	at org.junit.Assert.fail(Assert.java:88)
	at org.junit.Assert.failNotEquals(Assert.java:743)
	at org.junit.Assert.assertEquals(Assert.java:118)
	at org.junit.Assert.assertEquals(Assert.java:144)
	at StepDefinitions.StepDefinition.verify_using_and_method(StepDefinition.java:88)
	at ✽.verify &quot;45172371&quot; using &quot;RetrieveAssociateAPI&quot;  and &quot;GET&quot; method(file:///C:/Users/n480555/Documents/E2EAutomation/src/test/java/Features/Features.feature:8)
</failure>
    <system-out>  &amp;#27;[31mAnd &amp;#27;[0m&amp;#27;[31mverify &amp;#27;[0m&amp;#27;[31m&amp;#27;[1m&quot;45172371&quot;&amp;#27;[0m&amp;#27;[31m using &amp;#27;[0m&amp;#27;[31m&amp;#27;[1m&quot;RetrieveAssociateAPI&quot;&amp;#27;[0m&amp;#27;[31m  and &amp;#27;[0m&amp;#27;[31m&amp;#27;[1m&quot;GET&quot;&amp;#27;[0m&amp;#27;[31m method&amp;#27;[0m &amp;#27;[90m# StepDefinitions.StepDefinition.verify_using_and_method(java.lang.String,java.lang.String,java.lang.String)&amp;#27;[0m
      &amp;#27;[31mjava.lang.AssertionError: expected:&lt;45172371&gt; but was:&lt;null&gt;
	at org.junit.Assert.fail(Assert.java:88)
	at org.junit.Assert.failNotEquals(Assert.java:743)
	at org.junit.Assert.assertEquals(Assert.java:118)
	at org.junit.Assert.assertEquals(Assert.java:144)
	at StepDefinitions.StepDefinition.verify_using_and_method(StepDefinition.java:88)
	at âœ½.verify &quot;45172371&quot; using &quot;RetrieveAssociateAPI&quot;  and &quot;GET&quot; method(file:///C:/Users/n480555/Documents/E2EAutomation/src/test/java/Features/Features.feature:8)
&amp;#27;[0m
</system-out>
  </testcase>
  <testcase classname="Delete Associate" name="the delete associate payload is given" time="0.002">
    <skipped/>
    <system-out>
@DeleteAssociate
Scenario: Delete Associate                                                       &amp;#27;[90m# src/test/java/Features/Features.feature:15&amp;#27;[0m
      &amp;#27;[31mjava.lang.AssertionError: expected:&lt;00003456&gt; but was:&lt;null&gt;
	at org.junit.Assert.fail(Assert.java:88)
	at org.junit.Assert.failNotEquals(Assert.java:743)
	at org.junit.Assert.assertEquals(Assert.java:118)
	at org.junit.Assert.assertEquals(Assert.java:144)
	at StepDefinitions.StepDefinition.verify_using_and_method(StepDefinition.java:88)
	at StepDefinitions.Hooks.beforeDeleteAss(Hooks.java:20)
&amp;#27;[0m
</system-out>
  </testcase>
  <testcase classname="Delete Associate" name="for &quot;DeleteAssociateAPI&quot; &quot;POST&quot; method is used" time="0">
    <skipped/>
    <system-out>  &amp;#27;[36mGiven &amp;#27;[0m&amp;#27;[36mthe delete associate payload is given&amp;#27;[0m                                    &amp;#27;[90m# StepDefinitions.StepDefinition.the_delete_associate_payload_is_given()&amp;#27;[0m
</system-out>
  </testcase>
  <testcase classname="Delete Associate" name="associate is added with status code 200" time="0">
    <skipped/>
    <system-out>  &amp;#27;[36mWhen &amp;#27;[0m&amp;#27;[36mfor &amp;#27;[0m&amp;#27;[36m&amp;#27;[1m&quot;DeleteAssociateAPI&quot;&amp;#27;[0m&amp;#27;[36m &amp;#27;[0m&amp;#27;[36m&amp;#27;[1m&quot;POST&quot;&amp;#27;[0m&amp;#27;[36m method is used&amp;#27;[0m                            &amp;#27;[90m# StepDefinitions.StepDefinition.for_method_is_used(java.lang.String,java.lang.String)&amp;#27;[0m
</system-out>
  </testcase>
  <testcase classname="Delete Associate" name="verify &quot;&lt;memberIdentifier&gt;&quot; using &quot;RetrieveAssociateAPI&quot;  and &quot;GET&quot; method" time="0">
    <skipped/>
    <system-out>  &amp;#27;[36mThen &amp;#27;[0m&amp;#27;[36massociate is added with status code &amp;#27;[0m&amp;#27;[36m&amp;#27;[1m200&amp;#27;[0m                                   &amp;#27;[90m# StepDefinitions.StepDefinition.associate_is_added_with_status_code(java.lang.Integer)&amp;#27;[0m
</system-out>
  </testcase>
  <testcase classname="Delete Associate" name="Delete Associate" time="0.001">
    <failure message="expected:&lt;00003456&gt; but was:&lt;null&gt;" type="java.lang.AssertionError">java.lang.AssertionError: expected:&lt;00003456&gt; but was:&lt;null&gt;
	at org.junit.Assert.fail(Assert.java:88)
	at org.junit.Assert.failNotEquals(Assert.java:743)
	at org.junit.Assert.assertEquals(Assert.java:118)
	at org.junit.Assert.assertEquals(Assert.java:144)
	at StepDefinitions.StepDefinition.verify_using_and_method(StepDefinition.java:88)
	at StepDefinitions.Hooks.beforeDeleteAss(Hooks.java:20)
</failure>
    <system-out>  &amp;#27;[36mAnd &amp;#27;[0m&amp;#27;[36mverify &amp;#27;[0m&amp;#27;[36m&amp;#27;[1m&quot;&lt;memberIdentifier&gt;&quot;&amp;#27;[0m&amp;#27;[36m using &amp;#27;[0m&amp;#27;[36m&amp;#27;[1m&quot;RetrieveAssociateAPI&quot;&amp;#27;[0m&amp;#27;[36m  and &amp;#27;[0m&amp;#27;[36m&amp;#27;[1m&quot;GET&quot;&amp;#27;[0m&amp;#27;[36m method&amp;#27;[0m &amp;#27;[90m# StepDefinitions.StepDefinition.verify_using_and_method(java.lang.String,java.lang.String,java.lang.String)&amp;#27;[0m
</system-out>
  </testcase>
</testsuite>