<?xml version="1.0" encoding="UTF-8" ?>
<testsuite tests="10" failures="3" name="Cucumber.Options.TestRunner" time="7.56" errors="0" skipped="4">
  <properties>
[...]
</properties>
  <testcase classname="Add associate" name="the add associate payload is given with &quot;GUARDIAN&quot; &quot;45172371&quot;" time="3.517"/>
  <testcase classname="Add associate" name="for &quot;AddAssociateAPI&quot; &quot;POST&quot; method is used" time="1.67"/>
  <testcase classname="Add associate" name="associate is added with status code 201" time="0.002"/>
  <testcase classname="Add associate" name="verify &quot;45172371&quot; using &quot;RetrieveAssociateAPI&quot;  and &quot;GET&quot; method" time="1.182">
    <failure message="expected:&lt;45172371&gt; but was:&lt;null&gt;" type="java.lang.AssertionError">java.lang.AssertionError: expected:&lt;45172371&gt; but was:&lt;null&gt;
	at org.junit.Assert.fail(Assert.java:88)
	at org.junit.Assert.failNotEquals(Assert.java:743)
	at org.junit.Assert.assertEquals(Assert.java:118)
	at org.junit.Assert.assertEquals(Assert.java:144)
	at StepDefinitions.StepDefinition.verify_using_and_method(StepDefinition.java:88)
	at ✽.verify &quot;45172371&quot; using &quot;RetrieveAssociateAPI&quot;  and &quot;GET&quot; method(file:///C:/Users/n480555/Documents/E2EAutomation/src/test/java/Features/Features.feature:8)
</failure>
    <system-out>  &amp;#27;[32mThen &amp;#27;[0m&amp;#27;[32massociate is added with status code &amp;#27;[0m&amp;#27;[32m&amp;#27;[1m201&amp;#27;[0m                         &amp;#27;[90m# StepDefinitions.StepDefinition.associate_is_added_with_status_code(java.lang.Integer)&amp;#27;[0m
</system-out>
  </testcase>
  <testcase classname="Add associate" name="Add associate" time="1.186">
    <failure message="expected:&lt;45172371&gt; but was:&lt;null&gt;" type="java.lang.AssertionError">java.lang.AssertionError: expected:&lt;45172371&gt; but was:&lt;null&gt;
	at org.junit.Assert.fail(Assert.java:88)
	at org.junit.Assert.failNotEquals(Assert.java:743)
	at org.junit.Assert.assertEquals(Assert.java:118)
	at org.junit.Assert.assertEquals(Assert.java:144)
	at StepDefinitions.StepDefinition.verify_using_and_method(StepDefinition.java:88)
	at ✽.verify &quot;45172371&quot; using &quot;RetrieveAssociateAPI&quot;  and &quot;GET&quot; method(file:///C:/Users/n480555/Documents/E2EAutomation/src/test/java/Features/Features.feature:8)
</failure>
    <system-out>  &amp;#27;[31mAnd &amp;#27;[0m&amp;#27;[31mverify &amp;#27;[0m&amp;#27;[31m&amp;#27;[1m&quot;45172371&quot;&amp;#27;[0m&amp;#27;[31m using &amp;#27;[0m&amp;#27;[31m&amp;#27;[1m&quot;RetrieveAssociateAPI&quot;&amp;#27;[0m&amp;#27;[31m  and &amp;#27;[0m&amp;#27;[31m&amp;#27;[1m&quot;GET&quot;&amp;#27;[0m&amp;#27;[31m method&amp;#27;[0m &amp;#27;[90m# StepDefinitions.StepDefinition.verify_using_and_method(java.lang.String,java.lang.String,java.lang.String)&amp;#27;[0m
      &amp;#27;[31mjava.lang.AssertionError: expected:&lt;45172371&gt; but was:&lt;null&gt;
	at org.junit.Assert.fail(Assert.java:88)
	at org.junit.Assert.failNotEquals(Assert.java:743)
	at org.junit.Assert.assertEquals(Assert.java:118)
	at org.junit.Assert.assertEquals(Assert.java:144)
	at StepDefinitions.StepDefinition.verify_using_and_method(StepDefinition.java:88)
	at âœ½.verify &quot;45172371&quot; using &quot;RetrieveAssociateAPI&quot;  and &quot;GET&quot; method(file:///C:/Users/n480555/Documents/E2EAutomation/src/test/java/Features/Features.feature:8)
&amp;#27;[0m
</system-out>
  </testcase>
  <testcase classname="Delete Associate" name="the delete associate payload is given" time="0.002">
    <skipped/>
    <system-out>
@DeleteAssociate
Scenario: Delete Associate                                                       &amp;#27;[90m# src/test/java/Features/Features.feature:15&amp;#27;[0m
      &amp;#27;[31mjava.lang.AssertionError: expected:&lt;00003456&gt; but was:&lt;null&gt;
	at org.junit.Assert.fail(Assert.java:88)
	at org.junit.Assert.failNotEquals(Assert.java:743)
	at org.junit.Assert.assertEquals(Assert.java:118)
	at org.junit.Assert.assertEquals(Assert.java:144)
	at StepDefinitions.StepDefinition.verify_using_and_method(StepDefinition.java:88)
	at StepDefinitions.Hooks.beforeDeleteAss(Hooks.java:20)
&amp;#27;[0m
</system-out>
  </testcase>
  <testcase classname="Delete Associate" name="for &quot;DeleteAssociateAPI&quot; &quot;POST&quot; method is used" time="0">
    <skipped/>
    <system-out>  &amp;#27;[36mGiven &amp;#27;[0m&amp;#27;[36mthe delete associate payload is given&amp;#27;[0m                                    &amp;#27;[90m# StepDefinitions.StepDefinition.the_delete_associate_payload_is_given()&amp;#27;[0m
</system-out>
  </testcase>
  <testcase classname="Delete Associate" name="associate is added with status code 200" time="0">
    <skipped/>
    <system-out>  &amp;#27;[36mWhen &amp;#27;[0m&amp;#27;[36mfor &amp;#27;[0m&amp;#27;[36m&amp;#27;[1m&quot;DeleteAssociateAPI&quot;&amp;#27;[0m&amp;#27;[36m &amp;#27;[0m&amp;#27;[36m&amp;#27;[1m&quot;POST&quot;&amp;#27;[0m&amp;#27;[36m method is used&amp;#27;[0m                            &amp;#27;[90m# StepDefinitions.StepDefinition.for_method_is_used(java.lang.String,java.lang.String)&amp;#27;[0m
</system-out>
  </testcase>
  <testcase classname="Delete Associate" name="verify &quot;&lt;memberIdentifier&gt;&quot; using &quot;RetrieveAssociateAPI&quot;  and &quot;GET&quot; method" time="0">
    <skipped/>
    <system-out>  &amp;#27;[36mThen &amp;#27;[0m&amp;#27;[36massociate is added with status code &amp;#27;[0m&amp;#27;[36m&amp;#27;[1m200&amp;#27;[0m                                   &amp;#27;[90m# StepDefinitions.StepDefinition.associate_is_added_with_status_code(java.lang.Integer)&amp;#27;[0m
</system-out>
  </testcase>
  <testcase classname="Delete Associate" name="Delete Associate" time="0.001">
    <failure message="expected:&lt;00003456&gt; but was:&lt;null&gt;" type="java.lang.AssertionError">java.lang.AssertionError: expected:&lt;00003456&gt; but was:&lt;null&gt;
	at org.junit.Assert.fail(Assert.java:88)
	at org.junit.Assert.failNotEquals(Assert.java:743)
	at org.junit.Assert.assertEquals(Assert.java:118)
	at org.junit.Assert.assertEquals(Assert.java:144)
	at StepDefinitions.StepDefinition.verify_using_and_method(StepDefinition.java:88)
	at StepDefinitions.Hooks.beforeDeleteAss(Hooks.java:20)
</failure>
    <system-out>  &amp;#27;[36mAnd &amp;#27;[0m&amp;#27;[36mverify &amp;#27;[0m&amp;#27;[36m&amp;#27;[1m&quot;&lt;memberIdentifier&gt;&quot;&amp;#27;[0m&amp;#27;[36m using &amp;#27;[0m&amp;#27;[36m&amp;#27;[1m&quot;RetrieveAssociateAPI&quot;&amp;#27;[0m&amp;#27;[36m  and &amp;#27;[0m&amp;#27;[36m&amp;#27;[1m&quot;GET&quot;&amp;#27;[0m&amp;#27;[36m method&amp;#27;[0m &amp;#27;[90m# StepDefinitions.StepDefinition.verify_using_and_method(java.lang.String,java.lang.String,java.lang.String)&amp;#27;[0m
</system-out>
  </testcase>
</testsuite>